[2021-03-07 16:28:52.240] [renderer1] [error] [File Watcher (node.js)] Error: ENOENT: no such file or directory, stat '/home/zeeshan/Documents/Programming/python/pythonAPI/Myproject/.vscode'
[2021-03-07 16:29:37.997] [renderer1] [error] XHR timeout: undefinedms: Error: XHR timeout: undefinedms
    at XMLHttpRequest.m.ontimeout (file:///usr/share/code/resources/app/out/vs/workbench/workbench.desktop.main.js:76:24361)
[2021-03-07 16:29:46.326] [renderer1] [error] net::ERR_TIMED_OUT: Error: net::ERR_TIMED_OUT
    at SimpleURLLoaderWrapper.<anonymous> (electron/js2c/browser_init.js:109:6508)
    at SimpleURLLoaderWrapper.emit (events.js:315:20)
[2021-03-07 16:35:18.536] [renderer1] [error] ["downloading: XHR failed","    at N.downloadInstallableExtension (file:///usr/share/code/resources/app/out/vs/code/electron-browser/sharedProcess/sharedProcessMain.js:49:26436)","    at async N.doInstallFromGallery (file:///usr/share/code/resources/app/out/vs/code/electron-browser/sharedProcess/sharedProcessMain.js:49:23863)"]
[2021-03-07 16:35:18.541] [renderer1] [error] XHR failed: downloading: XHR failed
    at N.downloadInstallableExtension (file:///usr/share/code/resources/app/out/vs/code/electron-browser/sharedProcess/sharedProcessMain.js:49:26436)
    at async N.doInstallFromGallery (file:///usr/share/code/resources/app/out/vs/code/electron-browser/sharedProcess/sharedProcessMain.js:49:23863)
[2021-03-07 16:37:44.497] [renderer1] [error] ["downloading: XHR failed","    at N.downloadInstallableExtension (file:///usr/share/code/resources/app/out/vs/code/electron-browser/sharedProcess/sharedProcessMain.js:49:26436)","    at async N.doInstallFromGallery (file:///usr/share/code/resources/app/out/vs/code/electron-browser/sharedProcess/sharedProcessMain.js:49:23863)"]
[2021-03-07 16:37:44.499] [renderer1] [error] XHR failed: downloading: XHR failed
    at N.downloadInstallableExtension (file:///usr/share/code/resources/app/out/vs/code/electron-browser/sharedProcess/sharedProcessMain.js:49:26436)
    at async N.doInstallFromGallery (file:///usr/share/code/resources/app/out/vs/code/electron-browser/sharedProcess/sharedProcessMain.js:49:23863)
[2021-03-07 16:48:21.984] [renderer1] [error] XHR failed: Error: XHR failed
    at XMLHttpRequest.m.onerror (file:///usr/share/code/resources/app/out/vs/workbench/workbench.desktop.main.js:76:24149)
[2021-03-07 16:54:42.921] [renderer1] [error] ["downloading: XHR timeout: undefinedms","    at N.downloadInstallableExtension (file:///usr/share/code/resources/app/out/vs/code/electron-browser/sharedProcess/sharedProcessMain.js:49:26436)","    at async N.doInstallFromGallery (file:///usr/share/code/resources/app/out/vs/code/electron-browser/sharedProcess/sharedProcessMain.js:49:23863)"]
[2021-03-07 16:54:42.958] [renderer1] [error] XHR timeout: undefinedms: downloading: XHR timeout: undefinedms
    at N.downloadInstallableExtension (file:///usr/share/code/resources/app/out/vs/code/electron-browser/sharedProcess/sharedProcessMain.js:49:26436)
    at async N.doInstallFromGallery (file:///usr/share/code/resources/app/out/vs/code/electron-browser/sharedProcess/sharedProcessMain.js:49:23863)
[2021-03-07 18:30:06.769] [renderer1] [error] ["downloading: XHR failed","    at N.downloadInstallableExtension (file:///usr/share/code/resources/app/out/vs/code/electron-browser/sharedProcess/sharedProcessMain.js:49:26436)","    at async N.doInstallFromGallery (file:///usr/share/code/resources/app/out/vs/code/electron-browser/sharedProcess/sharedProcessMain.js:49:23863)"]
[2021-03-07 18:30:06.813] [renderer1] [error] XHR failed: downloading: XHR failed
    at N.downloadInstallableExtension (file:///usr/share/code/resources/app/out/vs/code/electron-browser/sharedProcess/sharedProcessMain.js:49:26436)
    at async N.doInstallFromGallery (file:///usr/share/code/resources/app/out/vs/code/electron-browser/sharedProcess/sharedProcessMain.js:49:23863)
[2021-03-07 18:30:42.409] [renderer1] [error] ["downloading: XHR failed","    at N.downloadInstallableExtension (file:///usr/share/code/resources/app/out/vs/code/electron-browser/sharedProcess/sharedProcessMain.js:49:26436)","    at async N.doInstallFromGallery (file:///usr/share/code/resources/app/out/vs/code/electron-browser/sharedProcess/sharedProcessMain.js:49:23863)"]
[2021-03-07 18:30:42.447] [renderer1] [error] XHR failed: downloading: XHR failed
    at N.downloadInstallableExtension (file:///usr/share/code/resources/app/out/vs/code/electron-browser/sharedProcess/sharedProcessMain.js:49:26436)
    at async N.doInstallFromGallery (file:///usr/share/code/resources/app/out/vs/code/electron-browser/sharedProcess/sharedProcessMain.js:49:23863)
[2021-03-07 18:31:33.153] [renderer1] [error] ["downloading: XHR failed","    at N.downloadInstallableExtension (file:///usr/share/code/resources/app/out/vs/code/electron-browser/sharedProcess/sharedProcessMain.js:49:26436)","    at async N.doInstallFromGallery (file:///usr/share/code/resources/app/out/vs/code/electron-browser/sharedProcess/sharedProcessMain.js:49:23863)"]
[2021-03-07 18:31:33.190] [renderer1] [error] XHR failed: downloading: XHR failed
    at N.downloadInstallableExtension (file:///usr/share/code/resources/app/out/vs/code/electron-browser/sharedProcess/sharedProcessMain.js:49:26436)
    at async N.doInstallFromGallery (file:///usr/share/code/resources/app/out/vs/code/electron-browser/sharedProcess/sharedProcessMain.js:49:23863)
[2021-03-07 18:31:38.096] [renderer1] [error] ["downloading: XHR failed","    at N.downloadInstallableExtension (file:///usr/share/code/resources/app/out/vs/code/electron-browser/sharedProcess/sharedProcessMain.js:49:26436)","    at async N.doInstallFromGallery (file:///usr/share/code/resources/app/out/vs/code/electron-browser/sharedProcess/sharedProcessMain.js:49:23863)"]
[2021-03-07 18:31:38.126] [renderer1] [error] XHR failed: downloading: XHR failed
    at N.downloadInstallableExtension (file:///usr/share/code/resources/app/out/vs/code/electron-browser/sharedProcess/sharedProcessMain.js:49:26436)
    at async N.doInstallFromGallery (file:///usr/share/code/resources/app/out/vs/code/electron-browser/sharedProcess/sharedProcessMain.js:49:23863)
