[2021-03-07 16:28:51.296] [sharedprocess] [error] [File Watcher (node.js)] Error: ENOENT: no such file or directory, stat '/home/zeeshan/Documents/Programming/python/pythonAPI/Myproject/~/.vscode-root/User/snippets'
[2021-03-07 16:29:30.921] [sharedprocess] [info] Starting to clean up unused language packs.
[2021-03-07 16:31:04.575] [sharedprocess] [info] Installing extension: ms-python.python
[2021-03-07 16:32:12.971] [sharedprocess] [info] Installing extension: batisteo.vscode-django
[2021-03-07 16:35:18.518] [sharedprocess] [error] Failed to install extension: ms-python.python XHR failed
[2021-03-07 16:35:18.522] [sharedprocess] [error] [uncaught exception in sharedProcess]: XHR failed: downloading: XHR failed
    at N.downloadInstallableExtension (file:///usr/share/code/resources/app/out/vs/code/electron-browser/sharedProcess/sharedProcessMain.js:49:26436)
    at async N.doInstallFromGallery (file:///usr/share/code/resources/app/out/vs/code/electron-browser/sharedProcess/sharedProcessMain.js:49:23863)
[2021-03-07 16:37:44.431] [sharedprocess] [error] Failed to install extension: batisteo.vscode-django XHR failed
[2021-03-07 16:37:44.450] [sharedprocess] [error] [uncaught exception in sharedProcess]: XHR failed: downloading: XHR failed
    at N.downloadInstallableExtension (file:///usr/share/code/resources/app/out/vs/code/electron-browser/sharedProcess/sharedProcessMain.js:49:26436)
    at async N.doInstallFromGallery (file:///usr/share/code/resources/app/out/vs/code/electron-browser/sharedProcess/sharedProcessMain.js:49:23863)
[2021-03-07 16:40:16.497] [sharedprocess] [info] Installing extension: batisteo.vscode-django
[2021-03-07 16:44:56.867] [sharedprocess] [info] Downloaded extension: batisteo.vscode-django undefined
[2021-03-07 16:45:04.223] [sharedprocess] [info] Extracted extension to /root/.vscode/extensions/.batisteo.vscode-django-1.3.0: batisteo.vscode-django
[2021-03-07 16:45:04.223] [sharedprocess] [info] Renamed to /root/.vscode/extensions/batisteo.vscode-django-1.3.0
[2021-03-07 16:45:04.226] [sharedprocess] [info] Installation completed. batisteo.vscode-django
[2021-03-07 16:45:04.287] [sharedprocess] [info] Extensions installed successfully: batisteo.vscode-django
[2021-03-07 16:47:36.717] [sharedprocess] [info] Installing extension: ms-python.python
[2021-03-07 16:53:12.381] [sharedprocess] [info] Downloaded extension: ms-python.python undefined
[2021-03-07 16:53:16.986] [sharedprocess] [info] Extracted extension to /root/.vscode/extensions/.ms-python.python-2021.2.625869727: ms-python.python
[2021-03-07 16:53:16.986] [sharedprocess] [info] Renamed to /root/.vscode/extensions/ms-python.python-2021.2.625869727
[2021-03-07 16:53:16.993] [sharedprocess] [info] Installation completed. ms-python.python
[2021-03-07 16:53:27.508] [sharedprocess] [info] Installing extension: ms-toolsai.jupyter
[2021-03-07 16:54:08.597] [sharedprocess] [error] Failed to install extension: ms-toolsai.jupyter XHR timeout: undefinedms
[2021-03-07 16:54:08.600] [sharedprocess] [error] [uncaught exception in sharedProcess]: XHR timeout: undefinedms: downloading: XHR timeout: undefinedms
    at N.downloadInstallableExtension (file:///usr/share/code/resources/app/out/vs/code/electron-browser/sharedProcess/sharedProcessMain.js:49:26436)
    at async N.doInstallFromGallery (file:///usr/share/code/resources/app/out/vs/code/electron-browser/sharedProcess/sharedProcessMain.js:49:23863)
[2021-03-07 16:54:08.635] [sharedprocess] [info] Uninstalling extension: ms-python.python
[2021-03-07 16:54:08.711] [sharedprocess] [info] Successfully uninstalled extension: ms-python.python
[2021-03-07 16:54:42.869] [sharedprocess] [error] Failed to install extension: ms-python.python XHR timeout: undefinedms
[2021-03-07 16:54:42.872] [sharedprocess] [error] [uncaught exception in sharedProcess]: XHR timeout: undefinedms: downloading: XHR timeout: undefinedms
    at N.downloadInstallableExtension (file:///usr/share/code/resources/app/out/vs/code/electron-browser/sharedProcess/sharedProcessMain.js:49:26436)
    at async N.doInstallFromGallery (file:///usr/share/code/resources/app/out/vs/code/electron-browser/sharedProcess/sharedProcessMain.js:49:23863)
[2021-03-07 18:30:06.052] [sharedprocess] [info] Installing extension: shamanu4.django-intellisense
[2021-03-07 18:30:06.732] [sharedprocess] [error] Failed to install extension: shamanu4.django-intellisense XHR failed
[2021-03-07 18:30:06.733] [sharedprocess] [error] [uncaught exception in sharedProcess]: XHR failed: downloading: XHR failed
    at N.downloadInstallableExtension (file:///usr/share/code/resources/app/out/vs/code/electron-browser/sharedProcess/sharedProcessMain.js:49:26436)
    at async N.doInstallFromGallery (file:///usr/share/code/resources/app/out/vs/code/electron-browser/sharedProcess/sharedProcessMain.js:49:23863)
[2021-03-07 18:30:41.665] [sharedprocess] [info] Installing extension: bigonesystems.django
[2021-03-07 18:30:42.346] [sharedprocess] [error] Failed to install extension: bigonesystems.django XHR failed
[2021-03-07 18:30:42.348] [sharedprocess] [error] [uncaught exception in sharedProcess]: XHR failed: downloading: XHR failed
    at N.downloadInstallableExtension (file:///usr/share/code/resources/app/out/vs/code/electron-browser/sharedProcess/sharedProcessMain.js:49:26436)
    at async N.doInstallFromGallery (file:///usr/share/code/resources/app/out/vs/code/electron-browser/sharedProcess/sharedProcessMain.js:49:23863)
[2021-03-07 18:31:32.452] [sharedprocess] [info] Installing extension: visualstudioexptteam.vscodeintellicode
[2021-03-07 18:31:33.091] [sharedprocess] [error] Failed to install extension: visualstudioexptteam.vscodeintellicode XHR failed
[2021-03-07 18:31:33.093] [sharedprocess] [error] [uncaught exception in sharedProcess]: XHR failed: downloading: XHR failed
    at N.downloadInstallableExtension (file:///usr/share/code/resources/app/out/vs/code/electron-browser/sharedProcess/sharedProcessMain.js:49:26436)
    at async N.doInstallFromGallery (file:///usr/share/code/resources/app/out/vs/code/electron-browser/sharedProcess/sharedProcessMain.js:49:23863)
[2021-03-07 18:31:37.405] [sharedprocess] [info] Installing extension: kevinrose.vsc-python-indent
[2021-03-07 18:31:38.077] [sharedprocess] [error] Failed to install extension: kevinrose.vsc-python-indent XHR failed
[2021-03-07 18:31:38.079] [sharedprocess] [error] [uncaught exception in sharedProcess]: XHR failed: downloading: XHR failed
    at N.downloadInstallableExtension (file:///usr/share/code/resources/app/out/vs/code/electron-browser/sharedProcess/sharedProcessMain.js:49:26436)
    at async N.doInstallFromGallery (file:///usr/share/code/resources/app/out/vs/code/electron-browser/sharedProcess/sharedProcessMain.js:49:23863)
